  Scanning sources for module dependencies...
  Main.cpp
  xlocnum
  istream
  cmath
  __msvc_ostream.hpp
  cfloat
  xtr1common
  cstdlib
  iostream
  ios
  climits
  type_traits
  cstddef
  cstdint
  cstdio
  cwchar
  iosfwd
  iterator
  cstring
  utility
  concepts
  xutility
  initializer_list
  __msvc_iter_core.hpp
  compare
  streambuf
  xiosbase
  system_error
  __msvc_system_error_abi.hpp
  cerrno
  stdexcept
  __msvc_sanitizer_annotate_container.hpp
  xstring
  __msvc_string_view.hpp
  xmemory
  exception
  limits
  new
  xatomic.h
  xpolymorphic_allocator.h
  xcall_once.h
  xerrc.h
  tuple
  atomic
  __msvc_threads_core.hpp
  xthreads.h
  xatomic_wait.h
  xtimec.h
  ctime
  memory
  xlocale
  typeinfo
  __msvc_xlocinfo_types.hpp
  xfacet
  clocale
  cctype
  xlocinfo
  ostream
  string
  array
  vector
  algorithm
  __msvc_minmax.hpp
  __msvc_heap_algorithms.hpp
  __msvc_bit_utils.hpp
  mutex
  __msvc_chrono.hpp
  ratio
  thread
  stop_token
  format
  __msvc_formatter.hpp
  __msvc_format_ucd_tables.hpp
  __msvc_print.hpp
  xfilesystem_abi.h
  __msvc_ranges_tuple_formatter.hpp
  bit
  charconv
  xbit_ops.h
  xcharconv.h
  xcharconv_ryu.h
  xcharconv_ryu_tables.h
  xcharconv_tables.h
  locale
  xlocbuf
  xlocmes
  xlocmon
  xloctime
  list
  xsmf_control.h
  optional
  set
  map
  xtree
  xnode_handle.h
  Compiling...
  climits
  cstring
  cstdio
  cfloat
  cstdlib
  xtr1common
  cerrno
  ctime
  __msvc_sanitizer_annotate_container.hpp
  xerrc.h
  cstdint
  xfacet
  __msvc_xlocinfo_types.hpp
  clocale
  xbit_ops.h
  xcharconv_ryu_tables.h
  cctype
  cstddef
  cwchar
  __msvc_bit_utils.hpp
  xtimec.h
  __msvc_minmax.hpp
  xcharconv_tables.h
  __msvc_system_error_abi.hpp
  iosfwd
  limits
  type_traits
  initializer_list
  concepts
  __msvc_threads_core.hpp
  xcall_once.h
  bit
  exception
  cmath
  xatomic.h
  xfilesystem_abi.h
  xcharconv.h
  xsmf_control.h
  ratio
  __msvc_formatter.hpp
  compare
  xthreads.h
  new
  __msvc_print.hpp
  xatomic_wait.h
  typeinfo
  utility
  atomic
  __msvc_iter_core.hpp
  __msvc_chrono.hpp
  xutility
  tuple
  __msvc_string_view.hpp
  xmemory
  array
  xcharconv_ryu.h
  optional
  __msvc_heap_algorithms.hpp
  __msvc_format_ucd_tables.hpp
  iterator
  charconv
  xnode_handle.h
  memory
  stop_token
  algorithm
  xpolymorphic_allocator.h
  xtree
  thread
  vector
  list
  xstring
  set
  map
  xlocinfo
  stdexcept
  string
  xlocale
  system_error
  mutex
  xiosbase
  __msvc_ranges_tuple_formatter.hpp
  streambuf
  xlocmes
  xlocnum
  xlocbuf
  xlocmon
  ios
  xloctime
  __msvc_ostream.hpp
  locale
  format
  ostream
  istream
  iostream
  Main.cpp
  CPP_All_In_One.vcxproj -> C:\GamePrograming\CPP\CPP_All_In_One\x64\Debug\CPP_All_In_One.exe
